<?xml version="1.0" encoding="UTF-8"?>
<!-- Generated by org.testng.reporters.JUnitReportReporter -->
<testsuite hostname="Asar" failures="0" tests="1" name="generic.BaseTest" time="0.014" errors="0" timestamp="2022-09-03T11:14:54 IST" skipped="0">
  <testcase classname="generic.BaseTest" name="f" time="0.014"/>
  <system-out/>
</testsuite> <!-- generic.BaseTest -->
